2021-11-18T23:08:15.550+0530 INFO onExecutionStart():1637257095546
2021-11-18T23:08:15.604+0530 INFO transform(ITestAnnotation testAnnotation, Class testClass, Constructor testConstrutor,	Method testMethod)
2021-11-18T23:12:08.450+0530 INFO onExecutionStart():1637257328447
2021-11-18T23:12:08.506+0530 INFO transform(ITestAnnotation testAnnotation, Class testClass, Constructor testConstrutor,	Method testMethod)
2021-11-18T23:12:08.506+0530 INFO getTestName():
2021-11-18T23:12:08.507+0530 INFO Test Method Name:openGoogle
2021-11-18T23:12:08.620+0530 INFO onStart(ISuite suite2)
2021-11-18T23:12:08.632+0530 INFO beforeInvocation(IInvokedMethod method, ITestResult result):beforeSuite
2021-11-18T23:12:08.822+0530 INFO afterInvocation(IInvokedMethod method, ITestResult result):beforeSuite
2021-11-18T23:12:08.825+0530 INFO onStart(ITestContext contextStart) started
2021-11-18T23:12:08.826+0530 INFO beforeInvocation(IInvokedMethod method, ITestResult result):beforeTest
2021-11-18T23:12:08.826+0530 INFO afterInvocation(IInvokedMethod method, ITestResult result):beforeTest
2021-11-18T23:12:08.827+0530 INFO intercept(List<IMethodInstance> methodsInstance, ITestContext testContext)
2021-11-18T23:12:08.838+0530 INFO beforeInvocation(IInvokedMethod method, ITestResult result):beforeClass
2021-11-18T23:12:08.838+0530 INFO afterInvocation(IInvokedMethod method, ITestResult result):beforeClass
2021-11-18T23:12:08.839+0530 INFO beforeInvocation(IInvokedMethod method, ITestResult result):setValues
2021-11-18T23:12:08.839+0530 INFO afterInvocation(IInvokedMethod method, ITestResult result):setValues
2021-11-18T23:12:08.847+0530 INFO beforeInvocation(IInvokedMethod method, ITestResult result):beforeMethod
2021-11-18T23:12:08.853+0530 INFO afterInvocation(IInvokedMethod method, ITestResult result):beforeMethod
2021-11-18T23:12:08.857+0530 INFO onTestStart(ITestResult result): Method startedopenGoogle
2021-11-18T23:12:08.858+0530 INFO beforeInvocation(IInvokedMethod method, ITestResult result):openGoogle
2021-11-18T23:12:08.859+0530 INFO run(IHookCallBack callBack, ITestResult testResult)
2021-11-18T23:12:08.860+0530 INFO afterInvocation(IInvokedMethod method, ITestResult result):openGoogle
2021-11-18T23:12:08.861+0530 INFO onTestSuccess(ITestResult result): Method PassedopenGoogle
2021-11-18T23:12:08.861+0530 INFO beforeInvocation(IInvokedMethod method, ITestResult result):afterMethod
2021-11-18T23:12:08.862+0530 INFO afterInvocation(IInvokedMethod method, ITestResult result):afterMethod
2021-11-18T23:12:08.863+0530 INFO beforeInvocation(IInvokedMethod method, ITestResult result):afterClass
2021-11-18T23:12:08.863+0530 INFO afterInvocation(IInvokedMethod method, ITestResult result):afterClass
2021-11-18T23:12:08.864+0530 INFO beforeInvocation(IInvokedMethod method, ITestResult result):afterTest
2021-11-18T23:12:08.865+0530 INFO afterInvocation(IInvokedMethod method, ITestResult result):afterTest
2021-11-18T23:12:08.877+0530 INFO onFinish(ITestContext contextFinish): onFinish method finished
2021-11-18T23:12:08.878+0530 INFO beforeInvocation(IInvokedMethod method, ITestResult result):afterSuite
2021-11-18T23:12:09.186+0530 INFO afterInvocation(IInvokedMethod method, ITestResult result):afterSuite
2021-11-18T23:12:09.186+0530 INFO onFinish(ISuite suite1)
2021-11-18T23:12:09.315+0530 INFO onExecutionFinish():1637257329315
2021-11-18T23:17:42.288+0530 INFO onExecutionStart():1637257662285
2021-11-18T23:17:42.348+0530 INFO transform(ITestAnnotation testAnnotation, Class testClass, Constructor testConstrutor, Method testMethod)
2021-11-18T23:17:42.348+0530 INFO getTestName():
2021-11-18T23:17:42.349+0530 INFO Test Method Name:openGoogle
2021-11-18T23:17:42.457+0530 INFO onStart(ISuite suite2)
2021-11-18T23:17:42.470+0530 INFO beforeInvocation(IInvokedMethod method, ITestResult result):beforeSuite
2021-11-18T23:17:42.673+0530 INFO afterInvocation(IInvokedMethod method, ITestResult result):beforeSuite
2021-11-18T23:17:42.675+0530 INFO onStart(ITestContext contextStart) started
2021-11-18T23:17:42.676+0530 INFO beforeInvocation(IInvokedMethod method, ITestResult result):beforeTest
2021-11-18T23:17:42.676+0530 INFO afterInvocation(IInvokedMethod method, ITestResult result):beforeTest
2021-11-18T23:17:42.678+0530 INFO intercept(List<IMethodInstance> methodsInstance, ITestContext testContext)
2021-11-18T23:17:42.688+0530 INFO beforeInvocation(IInvokedMethod method, ITestResult result):beforeClass
2021-11-18T23:17:42.688+0530 INFO afterInvocation(IInvokedMethod method, ITestResult result):beforeClass
2021-11-18T23:17:42.689+0530 INFO beforeInvocation(IInvokedMethod method, ITestResult result):setValues
2021-11-18T23:17:42.689+0530 INFO afterInvocation(IInvokedMethod method, ITestResult result):setValues
2021-11-18T23:17:42.696+0530 INFO beforeInvocation(IInvokedMethod method, ITestResult result):beforeMethod
2021-11-18T23:17:42.700+0530 INFO afterInvocation(IInvokedMethod method, ITestResult result):beforeMethod
2021-11-18T23:17:42.705+0530 INFO onTestStart(ITestResult result): Method startedopenGoogle
2021-11-18T23:17:42.705+0530 INFO beforeInvocation(IInvokedMethod method, ITestResult result):openGoogle
2021-11-18T23:17:42.706+0530 INFO run(IHookCallBack callBack, ITestResult testResult)
2021-11-18T23:18:11.080+0530 INFO afterInvocation(IInvokedMethod method, ITestResult result):openGoogle
2021-11-18T23:18:11.083+0530 INFO onTestSuccess(ITestResult result): Method PassedopenGoogle
2021-11-18T23:18:11.085+0530 INFO beforeInvocation(IInvokedMethod method, ITestResult result):afterMethod
2021-11-18T23:18:11.086+0530 INFO afterInvocation(IInvokedMethod method, ITestResult result):afterMethod
2021-11-18T23:18:11.089+0530 INFO beforeInvocation(IInvokedMethod method, ITestResult result):afterClass
2021-11-18T23:18:11.090+0530 INFO afterInvocation(IInvokedMethod method, ITestResult result):afterClass
2021-11-18T23:18:11.091+0530 INFO beforeInvocation(IInvokedMethod method, ITestResult result):afterTest
2021-11-18T23:18:11.092+0530 INFO afterInvocation(IInvokedMethod method, ITestResult result):afterTest
2021-11-18T23:18:11.126+0530 INFO onFinish(ITestContext contextFinish): onFinish method finished
2021-11-18T23:18:11.128+0530 INFO beforeInvocation(IInvokedMethod method, ITestResult result):afterSuite
2021-11-18T23:18:12.061+0530 INFO afterInvocation(IInvokedMethod method, ITestResult result):afterSuite
2021-11-18T23:18:12.061+0530 INFO onFinish(ISuite suite1)
2021-11-18T23:18:12.374+0530 INFO onExecutionFinish():1637257692374
19-11-2021-15:11:12.888+0530 INFO TestNG Listener onExecutionStart():1637314872885 
19-11-2021-15:11:12.923+0530 INFO TestNG Listener transform(ITestAnnotation testAnnotation, Class testClass, Constructor testConstrutor, Method testMethod) 
19-11-2021-15:11:12.923+0530 INFO TestNG Listener getTestName(): 
19-11-2021-15:11:12.924+0530 INFO TestNG Listener Test Method Name:openGoogle 
19-11-2021-15:11:13.002+0530 INFO TestNG Listener onStart(ISuite suite2) 
19-11-2021-15:11:13.013+0530 INFO TestNG Listener beforeInvocation(IInvokedMethod method, ITestResult result): beforeSuite 
19-11-2021-15:11:13.163+0530 INFO TestNG Listener afterInvocation(IInvokedMethod method, ITestResult result): beforeSuite 
19-11-2021-15:11:13.164+0530 INFO TestNG Listener onStart(ITestContext contextStart): started 
19-11-2021-15:11:13.165+0530 INFO TestNG Listener beforeInvocation(IInvokedMethod method, ITestResult result): beforeTest 
19-11-2021-15:11:13.165+0530 INFO TestNG Listener afterInvocation(IInvokedMethod method, ITestResult result): beforeTest 
19-11-2021-15:11:13.166+0530 INFO TestNG Listener intercept(List<IMethodInstance> methodsInstance, ITestContext testContext) 
19-11-2021-15:11:13.174+0530 INFO TestNG Listener beforeInvocation(IInvokedMethod method, ITestResult result): beforeClass 
19-11-2021-15:11:13.175+0530 INFO TestNG Listener afterInvocation(IInvokedMethod method, ITestResult result): beforeClass 
19-11-2021-15:11:13.175+0530 INFO TestNG Listener beforeInvocation(IInvokedMethod method, ITestResult result): setValues 
19-11-2021-15:11:13.175+0530 INFO TestNG Listener afterInvocation(IInvokedMethod method, ITestResult result): setValues 
19-11-2021-15:11:13.180+0530 INFO TestNG Listener beforeInvocation(IInvokedMethod method, ITestResult result): beforeMethod 
19-11-2021-15:11:13.184+0530 INFO TestNG Listener afterInvocation(IInvokedMethod method, ITestResult result): beforeMethod 
19-11-2021-15:11:13.187+0530 INFO TestNG Listener onTestStart(ITestResult result): Method started-openGoogle 
19-11-2021-15:11:13.187+0530 INFO TestNG Listener beforeInvocation(IInvokedMethod method, ITestResult result): openGoogle 
19-11-2021-15:11:13.188+0530 INFO TestNG Listener run(IHookCallBack callBack, ITestResult testResult) 
19-11-2021-15:11:39.738+0530 INFO TestNG Listener afterInvocation(IInvokedMethod method, ITestResult result): openGoogle 
19-11-2021-15:11:39.738+0530 INFO TestNG Listener onTestSuccess(ITestResult result): Method Passed-openGoogle 
19-11-2021-15:11:39.739+0530 INFO TestNG Listener beforeInvocation(IInvokedMethod method, ITestResult result): afterMethod 
19-11-2021-15:11:39.739+0530 INFO TestNG Listener afterInvocation(IInvokedMethod method, ITestResult result): afterMethod 
19-11-2021-15:11:39.739+0530 INFO TestNG Listener beforeInvocation(IInvokedMethod method, ITestResult result): afterClass 
19-11-2021-15:11:39.739+0530 INFO TestNG Listener afterInvocation(IInvokedMethod method, ITestResult result): afterClass 
19-11-2021-15:11:39.740+0530 INFO TestNG Listener beforeInvocation(IInvokedMethod method, ITestResult result): afterTest 
19-11-2021-15:11:39.740+0530 INFO TestNG Listener afterInvocation(IInvokedMethod method, ITestResult result): afterTest 
19-11-2021-15:11:39.750+0530 INFO TestNG Listener onFinish(ITestContext contextFinish): onFinish method finished 
19-11-2021-15:11:39.750+0530 INFO TestNG Listener beforeInvocation(IInvokedMethod method, ITestResult result): afterSuite 
19-11-2021-15:11:39.934+0530 INFO TestNG Listener afterInvocation(IInvokedMethod method, ITestResult result): afterSuite 
19-11-2021-15:11:39.934+0530 INFO TestNG Listener onFinish(ISuite suite1) 
19-11-2021-15:11:39.998+0530 INFO TestNG Listener onExecutionFinish():1637314899998 
